********************************************************************************
DUPLICATOR-LITE PACKAGE-LOG: November 5, 2022 10:25 am
NOTICE: Do NOT post to public sites or forums 
********************************************************************************
VERSION:	1.5.0
WORDPRESS:	6.1
PHP INFO:	7.4.26 | SAPI: apache2handler
SERVER:		Apache/2.4.51 (Win64) PHP/7.4.26 
PHP TIME LIMIT: (0) no time limit imposed 
PHP MAX MEMORY: 4294967296 (128M default) 
MEMORY STACK: 4MB

********************************************************************************
DATABASE:
********************************************************************************
BUILD MODE:   PHP(query limit - 100)
MYSQLTIMEOUT: 5000
MYSQLDUMP:    Not Supported
TABLES: total:19 | filtered:0 | create:19
FILTERED: []
SQL CREATED: 20221105_portfolio_95f261777a52e3249277_20221105102443_database.sql
SQL FILE SIZE: 42.76MB (44833030)
SQL FILE TIME: 2022-11-05 10:25:24
SQL RUNTIME: 1.87 sec.

********************************************************************************
ARCHIVE (ZIP):
********************************************************************************
ARCHIVE DIR:  C:/wamp64/www/portfolio
ARCHIVE FILE: 20221105_portfolio_95f261777a52e3249277_20221105102443_archive.zip
FILTERS: *OFF*
DIRS:
	not set
FILES:
	not set
EXTS:  not set
----------------------------------------
COMPRESSING
SIZE:	203.2MB
STATS:	Dirs 1,632 | Files 13,666
SQL ADDED: 20221105_portfolio_95f261777a52e3249277_20221105102443_database.sql
ZipArchive Object
(
    [status] => 0
    [statusSys] => 0
    [numFiles] => 15298
    [filename] => C:\wamp64\www\portfolio\wp-content\backups-dup-lite\tmp\20221105_portfolio_95f261777a52e3249277_20221105102443_archive.zip
    [comment] => 
)

FILE ADDED TO ZIP: 15297
COMPRESSION RESULT: '1'
COMPRESSED SIZE: 110.92MB
ARCHIVE RUNTIME: 24.41 sec.
MEMORY STACK: 12MB
building installer
ARCHIVE CONSISTENCY TEST: PASS

********************************************************************************
INTEGRITY CHECKS:
********************************************************************************
SQL FILE: 42.76MB
INSTALLER FILE: 73.36KB
ARCHIVE FILE: 113.14MB 
EXPECTED FILE/DIRECTORY COUNT: 15,298
ACTUAL FILE/DIRECTORY COUNT: 15,297
ARCHIVE CONSISTENCY TEST: Pass

********************************************************************************
RECORD ID:[1]
TOTAL PROCESS RUNTIME: 28.57 sec.
PEAK PHP MEMORY USED: 98MB
DONE PROCESSING => 20221105_portfolio November 5, 2022 10:25 am

